This is e-TeX, Version 3.14159-2.1 (Web2C 7.4.5) (format=latex 2005.10.9)  13 JAN 2006 15:15
entering extended mode
**pidamanual.tex
(./pidamanual.tex
LaTeX2e <2001/06/01>
Babel <v3.7h> and hyphenation patterns for american, french, german, ngerman, b
ahasa, basque, catalan, croatian, czech, danish, dutch, finnish, greek, iceland
ic, irish, italian, latin, magyar, norsk, norsk, portuges, romanian, russian, s
lovak, slovene, spanish, swedish, turkish, ukrainian, nohyphenation, loaded.
(./manual.cls
Document Class: manual 1998/03/03 Document class (Python manual)
(./pypaper.sty (/usr/share/texmf/tex/latex/psnfss/times.sty
Package: times 2002/09/08 PSNFSS-v9.0a (SPQR) 
)
Using Times instead of Computer Modern.
) (/usr/share/texmf/tex/latex/misc/fancybox.sty
Package: fancybox 2000/09/19 1.3

Style option: `fancybox' v1.3 <2000/09/19> (tvz)
\@fancybox=\box26
\shadowsize=\dimen102
\@Sbox=\box27
\do@VerbBox=\toks14
\the@fancyput=\toks15
\this@fancyput=\toks16
\EndVerbatimTokens=\toks17
\Verbatim@Outfile=\write3
\Verbatim@Infile=\read1
) (/usr/share/texmf/tex/latex/base/report.cls
Document Class: report 2001/04/21 v1.4e Standard LaTeX document class
(/usr/share/texmf/tex/latex/base/size10.clo
File: size10.clo 2001/04/21 v1.4e Standard LaTeX file (size option)
)
\c@part=\count79
\c@chapter=\count80
\c@section=\count81
\c@subsection=\count82
\c@subsubsection=\count83
\c@paragraph=\count84
\c@subparagraph=\count85
\c@figure=\count86
\c@table=\count87
\abovecaptionskip=\skip41
\belowcaptionskip=\skip42
\bibindent=\dimen103
)
(/usr/share/texmf/tex/latex/fancyhdr/fancyhdr.sty
\headwidth=\dimen104
)
Using fancier footers than usual.
(./fncychap.sty
Package: fncychap 1997/04/06 v1.11 LaTeX package (Revised chapters)
\RW=\skip43
\mylen=\skip44
\myhi=\skip45
\px=\skip46
\py=\skip47
\pyy=\skip48
\pxx=\skip49
\c@AlphaCnt=\count88
\c@AlphaDecCnt=\count89
)
Using fancy chapter headings.
(./python.sty
Package: python 1998/01/11 LaTeX package (Python markup)
 (/usr/share/texmf/tex/latex/tools/longtable.sty
Package: longtable 2000/10/22 v4.10 Multi-page Table package (DPC)
\LTleft=\skip50
\LTright=\skip51
\LTpre=\skip52
\LTpost=\skip53
\LTchunksize=\count90
\LTcapwidth=\dimen105
\LT@head=\box28
\LT@firsthead=\box29
\LT@foot=\box30
\LT@lastfoot=\box31
\LT@cols=\count91
\LT@rows=\count92
\c@LT@tables=\count93
\c@LT@chunks=\count94
\LT@p@ftn=\toks18
)
(/usr/share/texmf/tex/latex/tools/verbatim.sty
Package: verbatim 2001/03/12 v1.5p LaTeX2e package for verbatim enhancements
\every@verbatim=\toks19
\verbatim@line=\toks20
\verbatim@in@stream=\read2
)
\py@codewidth=\skip54

(/usr/share/texmf/tex/latex/base/alltt.sty
Package: alltt 1997/06/16 v2.0g defines alltt environment
)
\py@ModSynopsisFile=\write4
\py@argswidth=\skip55
\py@noticelength=\skip56
\c@py@tablenotescounter=\count95
))
\@indexfile=\write5
\openout5 = `pidamanual.idx'.


Writing index file pidamanual.idx
\modindexfile=\write6
(./pidamanual.aux)
\openout1 = `pidamanual.aux'.

LaTeX Font Info:    Checking defaults for OML/cmm/m/it on input line 33.
LaTeX Font Info:    ... okay on input line 33.
LaTeX Font Info:    Checking defaults for T1/cmr/m/n on input line 33.
LaTeX Font Info:    ... okay on input line 33.
LaTeX Font Info:    Checking defaults for OT1/cmr/m/n on input line 33.
LaTeX Font Info:    ... okay on input line 33.
LaTeX Font Info:    Checking defaults for OMS/cmsy/m/n on input line 33.
LaTeX Font Info:    ... okay on input line 33.
LaTeX Font Info:    Checking defaults for OMX/cmex/m/n on input line 33.
LaTeX Font Info:    ... okay on input line 33.
LaTeX Font Info:    Checking defaults for U/cmr/m/n on input line 33.
LaTeX Font Info:    ... okay on input line 33.
LaTeX Font Info:    Try loading font information for OT1+ptm on input line 33.
 (/usr/share/texmf/tex/latex/psnfss/ot1ptm.fd
File: ot1ptm.fd 2001/06/04 font definitions for OT1/ptm.
)
LaTeX Font Info:    Try loading font information for OT1+phv on input line 35.

(/usr/share/texmf/tex/latex/psnfss/ot1phv.fd
File: ot1phv.fd 2001/06/04 scalable font definitions for OT1/phv.
)
LaTeX Font Info:    Font shape `OT1/phv/m/it' in size <17.28> not available
(Font)              Font shape `OT1/phv/m/sl' tried instead on input line 35.
 [1

\openout6 = `modpidamanual.idx'.

]
LaTeX Font Info:    Font shape `OT1/ptm/bx/n' in size <10> not available
(Font)              Font shape `OT1/ptm/b/n' tried instead on input line 44.

Adding blank page after the abstract.
[1] [2] (./pidamanual.toc)
\tf@toc=\write7
\openout7 = `pidamanual.toc'.


Adding blank page after the table of contents.
[1

] [2]
Chapter 1.
LaTeX Font Info:    Font shape `OT1/phv/bx/n' in size <10> not available
(Font)              Font shape `OT1/phv/b/n' tried instead on input line 54.
LaTeX Font Info:    Font shape `OT1/phv/bx/n' in size <14.4> not available
(Font)              Font shape `OT1/phv/b/n' tried instead on input line 54.
[1


] [2

]
Appendix A.
LaTeX Font Info:    Try loading font information for OT1+pcr on input line 64.
(/usr/share/texmf/tex/latex/psnfss/ot1pcr.fd
File: ot1pcr.fd 2001/06/04 font definitions for OT1/pcr.
) [3] (./pidamanual.aux) ) 
Here is how much of TeX's memory you used:
 1202 strings out of 95370
 13941 string characters out of 1188185
 62885 words of memory out of 1000001
 4286 multiletter control sequences out of 10000+50000
 12678 words of font info for 31 fonts, out of 500000 for 1000
 199 hyphenation exceptions out of 1000
 30i,10n,45p,215b,316s stack positions out of 1500i,500n,5000p,200000b,5000s

Output written on pidamanual.dvi (8 pages, 1868 bytes).
